###############################################################################
#                                                                             #
# IAR C/C++ Compiler V8.10.1.10194/W32 for 8051         12/Jul/2025  16:27:47 #
# Copyright 2004-2011 IAR Systems AB.                                         #
#                                                                             #
#    Core               =  plain                                              #
#    Code model         =  banked                                             #
#    Data model         =  large                                              #
#    Calling convention =  xdata reentrant                                    #
#    Constant location  =  data_rom                                           #
#    Dptr setup         =  1,16                                               #
#    Source file        =  C:\Texas Instruments\ZStack-CC2530-2.3.0-1.4.0\Pro #
#                          jects\zstack\Samples\SampleApp\Source\SampleApp.c  #
#    Command line       =  -f "C:\Texas Instruments\ZStack-CC2530-2.3.0-1.4.0 #
#                          \Projects\zstack\Samples\SampleApp\CC2530DB\..\..\ #
#                          ..\Tools\CC2530DB\f8wEndev.cfg" (-DCPU32MHZ        #
#                          -DROOT=__near_func -DBLINK_LEDS) -f "C:\Texas      #
#                          Instruments\ZStack-CC2530-2.3.0-1.4.0\Projects\zst #
#                          ack\Samples\SampleApp\CC2530DB\..\..\..\Tools\CC25 #
#                          30DB\f8wConfig.cfg" (-DSECURE=0                    #
#                          -DZG_SECURE_DYNAMIC=0 -DREFLECTOR                  #
#                          -DDEFAULT_CHANLIST=0x00000800                      #
#                          -DZDAPP_CONFIG_PAN_ID=0xFFFF                       #
#                          -DNWK_START_DELAY=100 -DEXTENDED_JOINING_RANDOM_MA #
#                          SK=0x007F -DBEACON_REQUEST_DELAY=100               #
#                          -DBEACON_REQ_DELAY_MASK=0x00FF                     #
#                          -DROUTE_EXPIRY_TIME=30 -DAPSC_ACK_WAIT_DURATION_PO #
#                          LLED=3000 -DNWK_INDIRECT_MSG_TIMEOUT=7             #
#                          -DMAX_RREQ_ENTRIES=8 -DAPSC_MAX_FRAME_RETRIES=3    #
#                          -DNWK_MAX_DATA_RETRIES=2                           #
#                          -DMAX_POLL_FAILURE_RETRIES=2 -DMAX_BCAST=9         #
#                          -DAPS_MAX_GROUPS=16 -DMAX_RTG_ENTRIES=40           #
#                          -DNWK_MAX_BINDING_ENTRIES=4                        #
#                          -DMAX_BINDING_CLUSTER_IDS=4 "-DDEFAULT_KEY={0x01,  #
#                          0x03, 0x05, 0x07, 0x09, 0x0B, 0x0D, 0x0F, 0x00,    #
#                          0x02, 0x04, 0x06, 0x08, 0x0A, 0x0C, 0x0D}"         #
#                          -DMAC_MAX_FRAME_SIZE=116 "-DCONST=const __code"    #
#                          -DGENERIC=__generic -DRFD_RCVC_ALWAYS_ON=FALSE     #
#                          -DPOLL_RATE=1000 -DQUEUED_POLL_RATE=100            #
#                          -DRESPONSE_POLL_RATE=100) -DREJOIN_POLL_RATE=440   #
#                          "C:\Texas Instruments\ZStack-CC2530-2.3.0-1.4.0\Pr #
#                          ojects\zstack\Samples\SampleApp\Source\SampleApp.c #
#                          " -D ZIGBEEPRO -D NWK_AUTO_POLL -D ZTOOL_P1 -D     #
#                          MT_TASK -D MT_SYS_FUNC -D MT_ZDO_FUNC -D           #
#                          LCD_SUPPORTED=DEBUG -lC "C:\Texas                  #
#                          Instruments\ZStack-CC2530-2.3.0-1.4.0\Projects\zst #
#                          ack\Samples\SampleApp\CC2530DB\EndDeviceEB-Pro\Lis #
#                          t\" -lA "C:\Texas Instruments\ZStack-CC2530-2.3.0- #
#                          1.4.0\Projects\zstack\Samples\SampleApp\CC2530DB\E #
#                          ndDeviceEB-Pro\List\" --diag_suppress Pe001,Pa010  #
#                          -o "C:\Texas Instruments\ZStack-CC2530-2.3.0-1.4.0 #
#                          \Projects\zstack\Samples\SampleApp\CC2530DB\EndDev #
#                          iceEB-Pro\Obj\" -e --debug --core=plain            #
#                          --dptr=16,1 --data_model=large                     #
#                          --code_model=banked --calling_convention=xdata_ree #
#                          ntrant --place_constants=data_rom                  #
#                          --nr_virtual_regs 16 -I "C:\Texas                  #
#                          Instruments\ZStack-CC2530-2.3.0-1.4.0\Projects\zst #
#                          ack\Samples\SampleApp\CC2530DB\" -I "C:\Texas      #
#                          Instruments\ZStack-CC2530-2.3.0-1.4.0\Projects\zst #
#                          ack\Samples\SampleApp\CC2530DB\..\SOURCE\" -I      #
#                          "C:\Texas Instruments\ZStack-CC2530-2.3.0-1.4.0\Pr #
#                          ojects\zstack\Samples\SampleApp\CC2530DB\..\..\..\ #
#                          ZMAIN\TI2530DB\" -I "C:\Texas                      #
#                          Instruments\ZStack-CC2530-2.3.0-1.4.0\Projects\zst #
#                          ack\Samples\SampleApp\CC2530DB\..\..\..\..\..\COMP #
#                          ONENTS\MT\" -I "C:\Texas                           #
#                          Instruments\ZStack-CC2530-2.3.0-1.4.0\Projects\zst #
#                          ack\Samples\SampleApp\CC2530DB\..\..\..\..\..\COMP #
#                          ONENTS\HAL\INCLUDE\" -I "C:\Texas                  #
#                          Instruments\ZStack-CC2530-2.3.0-1.4.0\Projects\zst #
#                          ack\Samples\SampleApp\CC2530DB\..\..\..\..\..\COMP #
#                          ONENTS\HAL\TARGET\CC2530EB\" -I "C:\Texas          #
#                          Instruments\ZStack-CC2530-2.3.0-1.4.0\Projects\zst #
#                          ack\Samples\SampleApp\CC2530DB\..\..\..\..\..\COMP #
#                          ONENTS\OSAL\MCU\CCSOC\" -I "C:\Texas               #
#                          Instruments\ZStack-CC2530-2.3.0-1.4.0\Projects\zst #
#                          ack\Samples\SampleApp\CC2530DB\..\..\..\..\..\COMP #
#                          ONENTS\OSAL\INCLUDE\" -I "C:\Texas                 #
#                          Instruments\ZStack-CC2530-2.3.0-1.4.0\Projects\zst #
#                          ack\Samples\SampleApp\CC2530DB\..\..\..\..\..\COMP #
#                          ONENTS\STACK\AF\" -I "C:\Texas                     #
#                          Instruments\ZStack-CC2530-2.3.0-1.4.0\Projects\zst #
#                          ack\Samples\SampleApp\CC2530DB\..\..\..\..\..\COMP #
#                          ONENTS\STACK\NWK\" -I "C:\Texas                    #
#                          Instruments\ZStack-CC2530-2.3.0-1.4.0\Projects\zst #
#                          ack\Samples\SampleApp\CC2530DB\..\..\..\..\..\COMP #
#                          ONENTS\STACK\SEC\" -I "C:\Texas                    #
#                          Instruments\ZStack-CC2530-2.3.0-1.4.0\Projects\zst #
#                          ack\Samples\SampleApp\CC2530DB\..\..\..\..\..\COMP #
#                          ONENTS\STACK\SAPI\" -I "C:\Texas                   #
#                          Instruments\ZStack-CC2530-2.3.0-1.4.0\Projects\zst #
#                          ack\Samples\SampleApp\CC2530DB\..\..\..\..\..\COMP #
#                          ONENTS\STACK\SYS\" -I "C:\Texas                    #
#                          Instruments\ZStack-CC2530-2.3.0-1.4.0\Projects\zst #
#                          ack\Samples\SampleApp\CC2530DB\..\..\..\..\..\COMP #
#                          ONENTS\STACK\ZDO\" -I "C:\Texas                    #
#                          Instruments\ZStack-CC2530-2.3.0-1.4.0\Projects\zst #
#                          ack\Samples\SampleApp\CC2530DB\..\..\..\..\..\COMP #
#                          ONENTS\ZMAC\F8W\" -I "C:\Texas                     #
#                          Instruments\ZStack-CC2530-2.3.0-1.4.0\Projects\zst #
#                          ack\Samples\SampleApp\CC2530DB\..\..\..\..\..\COMP #
#                          ONENTS\ZMAC\" -I "C:\Texas                         #
#                          Instruments\ZStack-CC2530-2.3.0-1.4.0\Projects\zst #
#                          ack\Samples\SampleApp\CC2530DB\..\..\..\..\..\COMP #
#                          ONENTS\SERVICES\SADDR\" -I "C:\Texas               #
#                          Instruments\ZStack-CC2530-2.3.0-1.4.0\Projects\zst #
#                          ack\Samples\SampleApp\CC2530DB\..\..\..\..\..\COMP #
#                          ONENTS\SERVICES\SDATA\" -I "C:\Texas               #
#                          Instruments\ZStack-CC2530-2.3.0-1.4.0\Projects\zst #
#                          ack\Samples\SampleApp\CC2530DB\..\..\..\..\..\COMP #
#                          ONENTS\MAC\INCLUDE\" -I "C:\Texas                  #
#                          Instruments\ZStack-CC2530-2.3.0-1.4.0\Projects\zst #
#                          ack\Samples\SampleApp\CC2530DB\..\..\..\..\..\COMP #
#                          ONENTS\MAC\HIGH_LEVEL\" -I "C:\Texas               #
#                          Instruments\ZStack-CC2530-2.3.0-1.4.0\Projects\zst #
#                          ack\Samples\SampleApp\CC2530DB\..\..\..\..\..\COMP #
#                          ONENTS\MAC\LOW_LEVEL\srf04\" -I "C:\Texas          #
#                          Instruments\ZStack-CC2530-2.3.0-1.4.0\Projects\zst #
#                          ack\Samples\SampleApp\CC2530DB\..\..\..\..\..\COMP #
#                          ONENTS\MAC\LOW_LEVEL\srf04\SINGLE_CHIP\" -Ohz      #
#    List file          =  C:\Texas Instruments\ZStack-CC2530-2.3.0-1.4.0\Pro #
#                          jects\zstack\Samples\SampleApp\CC2530DB\EndDeviceE #
#                          B-Pro\List\SampleApp.lst                           #
#    Object file        =  C:\Texas Instruments\ZStack-CC2530-2.3.0-1.4.0\Pro #
#                          jects\zstack\Samples\SampleApp\CC2530DB\EndDeviceE #
#                          B-Pro\Obj\SampleApp.r51                            #
#                                                                             #
#                                                                             #
###############################################################################

C:\Texas Instruments\ZStack-CC2530-2.3.0-1.4.0\Projects\zstack\Samples\SampleApp\Source\SampleApp.c
      1          /**************************************************************************************************
      2            Filename:       SampleApp.c
      3            Revised:        $Date: 2009-03-18 15:56:27 -0700 (Wed, 18 Mar 2009) $
      4            Revision:       $Revision: 19453 $
      5          
      6            Description:    Sample Application (no Profile).
      7          
      8          
      9            Copyright 2007 Texas Instruments Incorporated. All rights reserved.
     10          
     11            IMPORTANT: Your use of this Software is limited to those specific rights
     12            granted under the terms of a software license agreement between the user
     13            who downloaded the software, his/her employer (which must be your employer)
     14            and Texas Instruments Incorporated (the "License").  You may not use this
     15            Software unless you agree to abide by the terms of the License. The License
     16            limits your use, and you acknowledge, that the Software may not be modified,
     17            copied or distributed unless embedded on a Texas Instruments microcontroller
     18            or used solely and exclusively in conjunction with a Texas Instruments radio
     19            frequency transceiver, which is integrated into your product.  Other than for
     20            the foregoing purpose, you may not use, reproduce, copy, prepare derivative
     21            works of, modify, distribute, perform, display or sell this Software and/or
     22            its documentation for any purpose.
     23          
     24            YOU FURTHER ACKNOWLEDGE AND AGREE THAT THE SOFTWARE AND DOCUMENTATION ARE
     25            PROVIDED AS IS?WITHOUT WARRANTY OF ANY KIND, EITHER EXPRESS OR IMPLIED,
     26            INCLUDING WITHOUT LIMITATION, ANY WARRANTY OF MERCHANTABILITY, TITLE,
     27            NON-INFRINGEMENT AND FITNESS FOR A PARTICULAR PURPOSE. IN NO EVENT SHALL
     28            TEXAS INSTRUMENTS OR ITS LICENSORS BE LIABLE OR OBLIGATED UNDER CONTRACT,
     29            NEGLIGENCE, STRICT LIABILITY, CONTRIBUTION, BREACH OF WARRANTY, OR OTHER
     30            LEGAL EQUITABLE THEORY ANY DIRECT OR INDIRECT DAMAGES OR EXPENSES
     31            INCLUDING BUT NOT LIMITED TO ANY INCIDENTAL, SPECIAL, INDIRECT, PUNITIVE
     32            OR CONSEQUENTIAL DAMAGES, LOST PROFITS OR LOST DATA, COST OF PROCUREMENT
     33            OF SUBSTITUTE GOODS, TECHNOLOGY, SERVICES, OR ANY CLAIMS BY THIRD PARTIES
     34            (INCLUDING BUT NOT LIMITED TO ANY DEFENSE THEREOF), OR OTHER SIMILAR COSTS.
     35          
     36            Should you have any questions regarding your right to use this Software,
     37            contact Texas Instruments Incorporated at www.TI.com.
     38          **************************************************************************************************/
     39          
     40          /*********************************************************************
     41            This application isn't intended to do anything useful, it is
     42            intended to be a simple example of an application's structure.
     43          
     44            This application sends it's messages either as broadcast or
     45            broadcast filtered group messages.  The other (more normal)
     46            message addressing is unicast.  Most of the other sample
     47            applications are written to support the unicast message model.
     48          
     49            Key control:
     50              SW1:  Sends a flash command to all devices in Group 1.
     51              SW2:  Adds/Removes (toggles) this device in and out
     52                    of Group 1.  This will enable and disable the
     53                    reception of the flash command.
     54          *********************************************************************/
     55          
     56          /*********************************************************************
     57           * INCLUDES
     58           */
     59          #include "OSAL.h"
     60          #include "ZGlobals.h"
     61          #include "AF.h"
     62          #include "aps_groups.h"
     63          #include "ZDApp.h"
     64          
     65          #include "SampleApp.h"
     66          #include "SampleAppHw.h"
     67          
     68          #include "OnBoard.h"

   \                                 In  segment SFR_AN, at 0xf3
   \   unsigned char volatile __sfr P0SEL
   \                     P0SEL:
   \   000000                DS 1

   \                                 In  segment SFR_AN, at 0xfd
   \   unsigned char volatile __sfr P0DIR
   \                     P0DIR:
   \   000000                DS 1
     69          
     70          /* HAL */
     71          #include "hal_lcd.h"
     72          #include "hal_led.h"
     73          #include "hal_key.h"
     74          
     75          #include "MT_UART.h"
     76          #include "DHT11.h"
     77          #include "hal_adc.h"
     78          
     79          /*********************************************************************
     80           * MACROS
     81           */
     82          
     83          /*********************************************************************
     84           * CONSTANTS
     85           */
     86          
     87          /*********************************************************************
     88           * TYPEDEFS
     89           */
     90          
     91          /*********************************************************************
     92           * GLOBAL VARIABLES
     93           */
     94          
     95          // This list should be filled with Application specific Cluster IDs.

   \                                 In  segment XDATA_ROM_C, align 1
     96          const cId_t SampleApp_ClusterList[SAMPLEAPP_MAX_CLUSTERS] =
   \                     SampleApp_ClusterList:
   \   000000   0100         DW 1
   \   000002   0200         DW 2
     97          {
     98            SAMPLEAPP_PERIODIC_CLUSTERID,
     99            SAMPLEAPP_FLASH_CLUSTERID
    100          };
    101          

   \                                 In  segment XDATA_ROM_C, align 1
    102          const SimpleDescriptionFormat_t SampleApp_SimpleDesc =
   \                     SampleApp_SimpleDesc:
   \   000000   14           DB 20
   \   000001   080F         DW 3848
   \   000003   0100         DW 1
   \   000005   00           DB 0
   \   000006   02           DB 2
   \   000007   ....         DW SampleApp_ClusterList
   \   000009   02           DB 2
   \   00000A   ....         DW SampleApp_ClusterList
    103          {
    104            SAMPLEAPP_ENDPOINT,              //  int Endpoint;
    105            SAMPLEAPP_PROFID,                //  uint16 AppProfId[2];
    106            SAMPLEAPP_DEVICEID,              //  uint16 AppDeviceId[2];
    107            SAMPLEAPP_DEVICE_VERSION,        //  int   AppDevVer:4;
    108            SAMPLEAPP_FLAGS,                 //  int   AppFlags:4;
    109            SAMPLEAPP_MAX_CLUSTERS,          //  uint8  AppNumInClusters;
    110            (cId_t *)SampleApp_ClusterList,  //  uint8 *pAppInClusterList;
    111            SAMPLEAPP_MAX_CLUSTERS,          //  uint8  AppNumInClusters;
    112            (cId_t *)SampleApp_ClusterList   //  uint8 *pAppInClusterList;
    113          };
    114          
    115          // This is the Endpoint/Interface description.  It is defined here, but
    116          // filled-in in SampleApp_Init().  Another way to go would be to fill
    117          // in the structure here and make it a "const" (in code space).  The
    118          // way it's defined in this sample app it is define in RAM.

   \                                 In  segment XDATA_Z, align 1, keep-with-next
    119          endPointDesc_t SampleApp_epDesc;
   \                     SampleApp_epDesc:
   \   000000                DS 6
   \   000006                REQUIRE __INIT_XDATA_Z
    120          
    121          /*********************************************************************
    122           * EXTERNAL VARIABLES
    123           */
    124          
    125          /*********************************************************************
    126           * EXTERNAL FUNCTIONS
    127           */
    128          
    129          /*********************************************************************
    130           * LOCAL VARIABLES
    131           */

   \                                 In  segment XDATA_Z, align 1, keep-with-next
    132          uint8 SampleApp_TaskID;   // Task ID for internal task/event processing
   \                     SampleApp_TaskID:
   \   000000                DS 1
   \   000001                REQUIRE __INIT_XDATA_Z
    133                                    // This variable will be received when
    134                                    // SampleApp_Init() is called.

   \                                 In  segment XDATA_Z, align 1, keep-with-next
    135          devStates_t SampleApp_NwkState;
   \                     SampleApp_NwkState:
   \   000000                DS 1
   \   000001                REQUIRE __INIT_XDATA_Z
    136          

   \                                 In  segment XDATA_Z, align 1, keep-with-next
    137          uint8 SampleApp_TransID;  // This is the unique message ID (counter)
   \                     SampleApp_TransID:
   \   000000                DS 1
   \   000001                REQUIRE __INIT_XDATA_Z
    138          

   \                                 In  segment XDATA_Z, align 1, keep-with-next
    139          afAddrType_t SampleApp_Periodic_DstAddr;
   \                     SampleApp_Periodic_DstAddr:
   \   000000                DS 12
   \   00000C                REQUIRE __INIT_XDATA_Z

   \                                 In  segment XDATA_Z, align 1, keep-with-next
    140          afAddrType_t SampleApp_Flash_DstAddr;
   \                     SampleApp_Flash_DstAddr:
   \   000000                DS 12
   \   00000C                REQUIRE __INIT_XDATA_Z
    141          

   \                                 In  segment XDATA_Z, align 1, keep-with-next
    142          aps_Group_t SampleApp_Group;
   \                     SampleApp_Group:
   \   000000                DS 18
   \   000012                REQUIRE __INIT_XDATA_Z
    143          

   \                                 In  segment XDATA_Z, align 1, keep-with-next
    144          uint8 SampleAppPeriodicCounter = 0;
   \                     SampleAppPeriodicCounter:
   \   000000                DS 1
   \   000001                REQUIRE __INIT_XDATA_Z

   \                                 In  segment XDATA_Z, align 1, keep-with-next
    145          uint8 SampleAppFlashCounter = 0;
   \                     SampleAppFlashCounter:
   \   000000                DS 1
   \   000001                REQUIRE __INIT_XDATA_Z
    146          
    147          /*********************************************************************
    148           * LOCAL FUNCTIONS
    149           */
    150          void SampleApp_HandleKeys( uint8 shift, uint8 keys );
    151          void SampleApp_MessageMSGCB( afIncomingMSGPacket_t *pckt );
    152          void SampleApp_SendPeriodicMessage( void );
    153          void SampleApp_SendFlashMessage( uint16 flashTime );
    154          
    155          /*********************************************************************
    156           * NETWORK LAYER CALLBACKS
    157           */
    158          
    159          /*********************************************************************
    160           * PUBLIC FUNCTIONS
    161           */
    162          
    163          /*********************************************************************
    164           * @fn      SampleApp_Init
    165           *
    166           * @brief   Initialization function for the Generic App Task.
    167           *          This is called during initialization and should contain
    168           *          any application specific initialization (ie. hardware
    169           *          initialization/setup, table initialization, power up
    170           *          notificaiton ... ).
    171           *
    172           * @param   task_id - the ID assigned by OSAL.  This ID should be
    173           *                    used to send messages and set timers.
    174           *
    175           * @return  none
    176           */

   \                                 In  segment BANKED_CODE, align 1, keep-with-next
    177          void SampleApp_Init( uint8 task_id )
   \                     SampleApp_Init:
    178          {
   \   000000   74F5         MOV     A,#-0xb
   \   000002   12....       LCALL   ?BANKED_ENTER_XDATA
   \   000005                ; Saved register size: 11
   \   000005                ; Auto size: 0
   \   000005   E9           MOV     A,R1
   \   000006   FE           MOV     R6,A
    179            SampleApp_TaskID = task_id;
   \   000007   90....       MOV     DPTR,#SampleApp_TaskID
   \   00000A   F0           MOVX    @DPTR,A
    180            SampleApp_NwkState = DEV_INIT;
   \   00000B   90....       MOV     DPTR,#SampleApp_NwkState
   \   00000E   7401         MOV     A,#0x1
   \   000010   F0           MOVX    @DPTR,A
    181            SampleApp_TransID = 0;
   \   000011   90....       MOV     DPTR,#SampleApp_TransID
   \   000014   E4           CLR     A
   \   000015   F0           MOVX    @DPTR,A
    182            
    183            HalAdcSetReference(HAL_ADC_REF_AVDD);  //ADC初始化
   \   000016                ; Setup parameters for call to function HalAdcSetReference
   \   000016   7980         MOV     R1,#-0x80
   \   000018   12....       LCALL   ??HalAdcSetReference?relay
    184            
    185            MT_UartInit();  //串口初始化
   \   00001B                ; Setup parameters for call to function MT_UartInit
   \   00001B   12....       LCALL   ??MT_UartInit?relay
    186            MT_UartRegisterTaskID(task_id);  //注册任务ID
   \   00001E                ; Setup parameters for call to function MT_UartRegisterTaskID
   \   00001E   EE           MOV     A,R6
   \   00001F   F9           MOV     R1,A
   \   000020   12....       LCALL   ??MT_UartRegisterTaskID?relay
    187            
    188            // 初始化温湿度引脚通用IO，设置成输出模式
    189            P0SEL &= 0XEF;  // 将引脚P0_4S设置成通用IO
   \   000023   53F3EF       ANL     0xf3,#0xef
    190            P0DIR |= 0x10;  // 将引脚P0_4S设置成输出模式
   \   000026   43FD10       ORL     0xfd,#0x10
    191            
    192            // 初始化光敏电阻引脚通用IO，设置成输出模式
    193            P0SEL &= ~0x20;  // 将 引脚P0_5S设置成通用IO
   \   000029   53F3DF       ANL     0xf3,#0xdf
    194            P0DIR |= ~0x20;  // 将 引脚P0_5S设置成输入模式
   \   00002C   43FDDF       ORL     0xfd,#0xdf
    195            // HalUARTWrite(0 ,"Hello XiaoShuai.\n", 17);  // 发送数据，串口0
    196            
    197            // Device hardware initialization can be added here or in main() (Zmain.c).
    198            // If the hardware is application specific - add it here.
    199            // If the hardware is other parts of the device add it in main().
    200          
    201           #if defined ( BUILD_ALL_DEVICES )
    202            // The "Demo" target is setup to have BUILD_ALL_DEVICES and HOLD_AUTO_START
    203            // We are looking at a jumper (defined in SampleAppHw.c) to be jumpered
    204            // together - if they are - we will start up a coordinator. Otherwise,
    205            // the device will start as a router.
    206            if ( readCoordinatorJumper() )
    207              zgDeviceLogicalType = ZG_DEVICETYPE_COORDINATOR;
    208            else
    209              zgDeviceLogicalType = ZG_DEVICETYPE_ROUTER;
    210          #endif // BUILD_ALL_DEVICES
    211          
    212          #if defined ( HOLD_AUTO_START )
    213            // HOLD_AUTO_START is a compile option that will surpress ZDApp
    214            //  from starting the device and wait for the application to
    215            //  start the device.
    216            ZDOInitDevice(0);
    217          #endif
    218          
    219            // Setup for the periodic message's destination address
    220            // Broadcast to everyone
    221            SampleApp_Periodic_DstAddr.addrMode = (afAddrMode_t)AddrBroadcast;
   \   00002F   90....       MOV     DPTR,#SampleApp_Periodic_DstAddr + 8
   \   000032   740F         MOV     A,#0xf
   \   000034   F0           MOVX    @DPTR,A
    222            SampleApp_Periodic_DstAddr.endPoint = SAMPLEAPP_ENDPOINT;
   \   000035   A3           INC     DPTR
   \   000036   7414         MOV     A,#0x14
   \   000038   F0           MOVX    @DPTR,A
    223            SampleApp_Periodic_DstAddr.addr.shortAddr = 0xFFFF;
   \   000039   90....       MOV     DPTR,#SampleApp_Periodic_DstAddr
   \   00003C   74FF         MOV     A,#-0x1
   \   00003E   F0           MOVX    @DPTR,A
   \   00003F   A3           INC     DPTR
   \   000040   F0           MOVX    @DPTR,A
    224          
    225            // Setup for the flash command's destination address - Group 1
    226            SampleApp_Flash_DstAddr.addrMode = (afAddrMode_t)afAddrGroup;
   \   000041   90....       MOV     DPTR,#SampleApp_Flash_DstAddr + 8
   \   000044   7401         MOV     A,#0x1
   \   000046   F0           MOVX    @DPTR,A
    227            SampleApp_Flash_DstAddr.endPoint = SAMPLEAPP_ENDPOINT;
   \   000047   A3           INC     DPTR
   \   000048   7414         MOV     A,#0x14
   \   00004A   F0           MOVX    @DPTR,A
    228            SampleApp_Flash_DstAddr.addr.shortAddr = SAMPLEAPP_FLASH_GROUP;
   \   00004B   90....       MOV     DPTR,#SampleApp_Flash_DstAddr
   \   00004E   7401         MOV     A,#0x1
   \   000050   F0           MOVX    @DPTR,A
   \   000051   A3           INC     DPTR
   \   000052   E4           CLR     A
   \   000053   F0           MOVX    @DPTR,A
    229          
    230            // Fill out the endpoint description.
    231            SampleApp_epDesc.endPoint = SAMPLEAPP_ENDPOINT;
   \   000054   90....       MOV     DPTR,#SampleApp_epDesc
   \   000057   7414         MOV     A,#0x14
   \   000059   F0           MOVX    @DPTR,A
    232            SampleApp_epDesc.task_id = &SampleApp_TaskID;
   \   00005A   A3           INC     DPTR
   \   00005B   74..         MOV     A,#SampleApp_TaskID & 0xff
   \   00005D   F0           MOVX    @DPTR,A
   \   00005E   A3           INC     DPTR
   \   00005F   74..         MOV     A,#(SampleApp_TaskID >> 8) & 0xff
   \   000061   F0           MOVX    @DPTR,A
    233            SampleApp_epDesc.simpleDesc
    234                      = (SimpleDescriptionFormat_t *)&SampleApp_SimpleDesc;
   \   000062   A3           INC     DPTR
   \   000063   74..         MOV     A,#SampleApp_SimpleDesc & 0xff
   \   000065   F0           MOVX    @DPTR,A
   \   000066   A3           INC     DPTR
   \   000067   74..         MOV     A,#(SampleApp_SimpleDesc >> 8) & 0xff
   \   000069   F0           MOVX    @DPTR,A
    235            SampleApp_epDesc.latencyReq = noLatencyReqs;
   \   00006A   A3           INC     DPTR
   \   00006B   E4           CLR     A
   \   00006C   F0           MOVX    @DPTR,A
    236          
    237            // Register the endpoint description with the AF
    238            afRegister( &SampleApp_epDesc );
   \   00006D                ; Setup parameters for call to function afRegister
   \   00006D   7A..         MOV     R2,#SampleApp_epDesc & 0xff
   \   00006F   7B..         MOV     R3,#(SampleApp_epDesc >> 8) & 0xff
   \   000071   12....       LCALL   ??afRegister?relay
    239          
    240            // Register for all key events - This app will handle all key events
    241            RegisterForKeys( SampleApp_TaskID );
   \   000074                ; Setup parameters for call to function RegisterForKeys
   \   000074   90....       MOV     DPTR,#SampleApp_TaskID
   \   000077   E0           MOVX    A,@DPTR
   \   000078   F9           MOV     R1,A
   \   000079   12....       LCALL   ??RegisterForKeys?relay
    242          
    243            // By default, all devices start out in Group 1
    244            SampleApp_Group.ID = 0x0001;
   \   00007C   90....       MOV     DPTR,#SampleApp_Group
   \   00007F   7401         MOV     A,#0x1
   \   000081   F0           MOVX    @DPTR,A
   \   000082   A3           INC     DPTR
   \   000083   E4           CLR     A
   \   000084   F0           MOVX    @DPTR,A
    245            osal_memcpy( SampleApp_Group.name, "Group 1", 7  );
   \   000085                ; Setup parameters for call to function osal_memcpy
   \   000085   75....       MOV     ?V0 + 0,#`?<Constant "Group 1">` & 0xff
   \   000088   75....       MOV     ?V0 + 1,#(`?<Constant "Group 1">` >> 8) & 0xff
   \   00008B   F5..         MOV     ?V0 + 2,A
   \   00008D   78..         MOV     R0,#?V0 + 0
   \   00008F   12....       LCALL   ?PUSH_XSTACK_I_THREE
   \   000092   7C07         MOV     R4,#0x7
   \   000094   7D00         MOV     R5,#0x0
   \   000096   7A..         MOV     R2,#(SampleApp_Group + 2) & 0xff
   \   000098   7B..         MOV     R3,#((SampleApp_Group + 2) >> 8) & 0xff
   \   00009A   12....       LCALL   ??osal_memcpy?relay
   \   00009D   7403         MOV     A,#0x3
   \   00009F   12....       LCALL   ?DEALLOC_XSTACK8
    246            aps_AddGroup( SAMPLEAPP_ENDPOINT, &SampleApp_Group );
   \   0000A2                ; Setup parameters for call to function aps_AddGroup
   \   0000A2   7A..         MOV     R2,#SampleApp_Group & 0xff
   \   0000A4   7B..         MOV     R3,#(SampleApp_Group >> 8) & 0xff
   \   0000A6   7914         MOV     R1,#0x14
   \   0000A8   12....       LCALL   ??aps_AddGroup?relay
    247          
    248          #if defined ( LCD_SUPPORTED )
    249            HalLcdWriteString( "SampleApp", HAL_LCD_LINE_1 );
   \   0000AB                ; Setup parameters for call to function HalLcdWriteString
   \   0000AB   7901         MOV     R1,#0x1
   \   0000AD   7A..         MOV     R2,#`?<Constant "SampleApp">` & 0xff
   \   0000AF   7B..         MOV     R3,#(`?<Constant "SampleApp">` >> 8) & 0xff
   \   0000B1   12....       LCALL   ??HalLcdWriteString?relay
    250          #endif
    251          }
   \   0000B4   7F03         MOV     R7,#0x3
   \   0000B6   02....       LJMP    ?BANKED_LEAVE_XDATA
   \   0000B9                REQUIRE P0SEL
   \   0000B9                REQUIRE P0DIR
    252          
    253          /*********************************************************************
    254           * @fn      SampleApp_ProcessEvent
    255           *
    256           * @brief   Generic Application Task event processor.  This function
    257           *          is called to process all events for the task.  Events
    258           *          include timers, messages and any other user defined events.
    259           *
    260           * @param   task_id  - The OSAL assigned task ID.
    261           * @param   events - events to process.  This is a bit map and can
    262           *                   contain more than one event.
    263           *
    264           * @return  none
    265           */

   \                                 In  segment BANKED_CODE, align 1, keep-with-next
    266          uint16 SampleApp_ProcessEvent( uint8 task_id, uint16 events )
   \                     SampleApp_ProcessEvent:
    267          {
   \   000000   74F4         MOV     A,#-0xc
   \   000002   12....       LCALL   ?BANKED_ENTER_XDATA
   \   000005                ; Saved register size: 12
   \   000005                ; Auto size: 0
   \   000005   EA           MOV     A,R2
   \   000006   FE           MOV     R6,A
   \   000007   EB           MOV     A,R3
   \   000008   FF           MOV     R7,A
    268            afIncomingMSGPacket_t *MSGpkt;
    269            (void)task_id;  // Intentionally unreferenced parameter
    270          
    271            if ( events & SYS_EVENT_MSG )
   \   000009   5480         ANL     A,#0x80
   \   00000B   6079         JZ      ??SampleApp_ProcessEvent_0
    272            {
    273              MSGpkt = (afIncomingMSGPacket_t *)osal_msg_receive( SampleApp_TaskID );
   \   00000D                ; Setup parameters for call to function osal_msg_receive
   \   00000D   802B         SJMP    ??SampleApp_ProcessEvent_1
    274              while ( MSGpkt )
    275              {
    276                switch ( MSGpkt->hdr.event )
    277                {
    278                  // Received when a key is pressed
    279                  case KEY_CHANGE:
    280                    SampleApp_HandleKeys( ((keyChange_t *)MSGpkt)->state, ((keyChange_t *)MSGpkt)->keys );
    281                    break;
    282          
    283                  // Received when a messages is received (OTA) for this endpoint
    284                  case AF_INCOMING_MSG_CMD:
    285                    SampleApp_MessageMSGCB( MSGpkt );
    286                    break;
    287          
    288                  // Received whenever the device changes state in the network
    289                  case ZDO_STATE_CHANGE:
    290                    SampleApp_NwkState = (devStates_t)(MSGpkt->hdr.status);
   \                     ??SampleApp_ProcessEvent_2:
   \   00000F   A3           INC     DPTR
   \   000010   E0           MOVX    A,@DPTR
   \   000011   90....       MOV     DPTR,#SampleApp_NwkState
   \   000014   F0           MOVX    @DPTR,A
    291                    if ( (SampleApp_NwkState == DEV_ZB_COORD)
    292                        || (SampleApp_NwkState == DEV_ROUTER)
    293                        || (SampleApp_NwkState == DEV_END_DEVICE) )
   \   000015   6409         XRL     A,#0x9
   \   000017   600A         JZ      ??SampleApp_ProcessEvent_3
   \   000019   E0           MOVX    A,@DPTR
   \   00001A   6407         XRL     A,#0x7
   \   00001C   6005         JZ      ??SampleApp_ProcessEvent_3
   \   00001E   E0           MOVX    A,@DPTR
   \   00001F   6406         XRL     A,#0x6
   \   000021   7010         JNZ     ??SampleApp_ProcessEvent_4
    294                    {
    295                      // Start sending the periodic message in a regular interval.
    296                      osal_start_timerEx( SampleApp_TaskID,
    297                                        SAMPLEAPP_SEND_PERIODIC_MSG_EVT,
    298                                        SAMPLEAPP_SEND_PERIODIC_MSG_TIMEOUT );
   \                     ??SampleApp_ProcessEvent_3:
   \   000023                ; Setup parameters for call to function osal_start_timerEx
   \   000023   7CD0         MOV     R4,#-0x30
   \   000025   7D07         MOV     R5,#0x7
   \   000027   7A01         MOV     R2,#0x1
   \   000029   7B00         MOV     R3,#0x0
   \   00002B   90....       MOV     DPTR,#SampleApp_TaskID
   \   00002E   E0           MOVX    A,@DPTR
   \   00002F   F9           MOV     R1,A
   \   000030   12....       LCALL   ??osal_start_timerEx?relay
    299                    }
    300                    else
    301                    {
    302                      // Device is no longer in the network
    303                    }
    304                    break;
    305          
    306                  default:
    307                    break;
    308                }
    309          
    310                // Release the memory
    311                osal_msg_deallocate( (uint8 *)MSGpkt );
   \                     ??SampleApp_ProcessEvent_4:
   \   000033                ; Setup parameters for call to function osal_msg_deallocate
   \   000033   AA..         MOV     R2,?V0 + 0
   \   000035   AB..         MOV     R3,?V0 + 1
   \   000037   12....       LCALL   ??osal_msg_deallocate?relay
    312          
    313                // Next - if one is available
    314                MSGpkt = (afIncomingMSGPacket_t *)osal_msg_receive( SampleApp_TaskID );
   \   00003A                ; Setup parameters for call to function osal_msg_receive
   \                     ??SampleApp_ProcessEvent_1:
   \   00003A   90....       MOV     DPTR,#SampleApp_TaskID
   \   00003D   E0           MOVX    A,@DPTR
   \   00003E   F9           MOV     R1,A
   \   00003F   12....       LCALL   ??osal_msg_receive?relay
   \   000042   8A..         MOV     ?V0 + 0,R2
   \   000044   8B..         MOV     ?V0 + 1,R3
   \   000046   E5..         MOV     A,?V0 + 0
   \   000048   45..         ORL     A,?V0 + 1
   \   00004A   6032         JZ      ??SampleApp_ProcessEvent_5
   \   00004C   85..82       MOV     DPL,?V0 + 0
   \   00004F   85..83       MOV     DPH,?V0 + 1
   \   000052   E0           MOVX    A,@DPTR
   \   000053   24E6         ADD     A,#-0x1a
   \   000055   601E         JZ      ??SampleApp_ProcessEvent_6
   \   000057   245A         ADD     A,#0x5a
   \   000059   6006         JZ      ??SampleApp_ProcessEvent_7
   \   00005B   24EF         ADD     A,#-0x11
   \   00005D   60B0         JZ      ??SampleApp_ProcessEvent_2
   \   00005F   80D2         SJMP    ??SampleApp_ProcessEvent_4
   \                     ??SampleApp_ProcessEvent_7:
   \   000061                ; Setup parameters for call to function SampleApp_HandleKeys
   \   000061   A3           INC     DPTR
   \   000062   A3           INC     DPTR
   \   000063   A3           INC     DPTR
   \   000064   E0           MOVX    A,@DPTR
   \   000065   FA           MOV     R2,A
   \   000066   85..82       MOV     DPL,?V0 + 0
   \   000069   85..83       MOV     DPH,?V0 + 1
   \   00006C   A3           INC     DPTR
   \   00006D   A3           INC     DPTR
   \   00006E   E0           MOVX    A,@DPTR
   \   00006F   F9           MOV     R1,A
   \   000070   12....       LCALL   ??SampleApp_HandleKeys?relay
   \   000073   80BE         SJMP    ??SampleApp_ProcessEvent_4
   \                     ??SampleApp_ProcessEvent_6:
   \   000075                ; Setup parameters for call to function SampleApp_MessageMSGCB
   \   000075   AA..         MOV     R2,?V0 + 0
   \   000077   AB..         MOV     R3,?V0 + 1
   \   000079   12....       LCALL   ??SampleApp_MessageMSGCB?relay
   \   00007C   80B5         SJMP    ??SampleApp_ProcessEvent_4
    315              }
    316          
    317              // return unprocessed events
    318              return (events ^ SYS_EVENT_MSG);
   \                     ??SampleApp_ProcessEvent_5:
   \   00007E   EE           MOV     A,R6
   \   00007F   FA           MOV     R2,A
   \   000080   EF           MOV     A,R7
   \   000081   6480         XRL     A,#0x80
   \                     ??SampleApp_ProcessEvent_8:
   \   000083   FB           MOV     R3,A
   \   000084   802A         SJMP    ??SampleApp_ProcessEvent_9
    319            }
    320          
    321            // Send a message out - This event is generated by a timer
    322            //  (setup in SampleApp_Init()).
    323            if ( events & SAMPLEAPP_SEND_PERIODIC_MSG_EVT )
   \                     ??SampleApp_ProcessEvent_0:
   \   000086   EE           MOV     A,R6
   \   000087   A2E0         MOV     C,0xE0 /* A   */.0
   \   000089   5021         JNC     ??SampleApp_ProcessEvent_10
    324            {
    325              // Send the periodic message
    326              SampleApp_SendPeriodicMessage();
   \   00008B                ; Setup parameters for call to function SampleApp_SendPeriodicMessage
   \   00008B   12....       LCALL   ??SampleApp_SendPeriodicMessage?relay
    327          
    328              // Setup to send message again in normal period (+ a little jitter)
    329              osal_start_timerEx( SampleApp_TaskID, SAMPLEAPP_SEND_PERIODIC_MSG_EVT,
    330                  (SAMPLEAPP_SEND_PERIODIC_MSG_TIMEOUT + (osal_rand() & 0x00FF)) );
   \   00008E                ; Setup parameters for call to function osal_rand
   \   00008E   12....       LCALL   ??osal_rand?relay
   \   000091                ; Setup parameters for call to function osal_start_timerEx
   \   000091   EA           MOV     A,R2
   \   000092   24D0         ADD     A,#-0x30
   \   000094   FC           MOV     R4,A
   \   000095   E4           CLR     A
   \   000096   3407         ADDC    A,#0x7
   \   000098   FD           MOV     R5,A
   \   000099   7A01         MOV     R2,#0x1
   \   00009B   7B00         MOV     R3,#0x0
   \   00009D   90....       MOV     DPTR,#SampleApp_TaskID
   \   0000A0   E0           MOVX    A,@DPTR
   \   0000A1   F9           MOV     R1,A
   \   0000A2   12....       LCALL   ??osal_start_timerEx?relay
    331          
    332              // return unprocessed events
    333              return (events ^ SAMPLEAPP_SEND_PERIODIC_MSG_EVT);
   \   0000A5   EE           MOV     A,R6
   \   0000A6   6401         XRL     A,#0x1
   \   0000A8   FA           MOV     R2,A
   \   0000A9   EF           MOV     A,R7
   \   0000AA   80D7         SJMP    ??SampleApp_ProcessEvent_8
    334            }
    335          
    336            // Discard unknown events
    337            return 0;
   \                     ??SampleApp_ProcessEvent_10:
   \   0000AC   7A00         MOV     R2,#0x0
   \   0000AE   7B00         MOV     R3,#0x0
   \                     ??SampleApp_ProcessEvent_9:
   \   0000B0   7F04         MOV     R7,#0x4
   \   0000B2   02....       LJMP    ?BANKED_LEAVE_XDATA
    338          }
    339          
    340          /*********************************************************************
    341           * Event Generation Functions
    342           */
    343          /*********************************************************************
    344           * @fn      SampleApp_HandleKeys
    345           *
    346           * @brief   Handles all key events for this device.
    347           *
    348           * @param   shift - true if in shift/alt.
    349           * @param   keys - bit field for key events. Valid entries:
    350           *                 HAL_KEY_SW_2
    351           *                 HAL_KEY_SW_1
    352           *
    353           * @return  none
    354           */

   \                                 In  segment BANKED_CODE, align 1, keep-with-next
    355          void SampleApp_HandleKeys( uint8 shift, uint8 keys )
   \                     SampleApp_HandleKeys:
    356          {
   \   000000   74F6         MOV     A,#-0xa
   \   000002   12....       LCALL   ?BANKED_ENTER_XDATA
   \   000005                ; Saved register size: 10
   \   000005                ; Auto size: 0
   \   000005   EA           MOV     A,R2
   \   000006   FE           MOV     R6,A
    357            (void)shift;  // Intentionally unreferenced parameter
    358            
    359            if ( keys & HAL_KEY_SW_1 )
   \   000007   A2E0         MOV     C,0xE0 /* A   */.0
   \   000009   5007         JNC     ??SampleApp_HandleKeys_0
    360            {
    361              /* This key sends the Flash Command is sent to Group 1.
    362               * This device will not receive the Flash Command from this
    363               * device (even if it belongs to group 1).
    364               */
    365              SampleApp_SendFlashMessage( SAMPLEAPP_FLASH_DURATION );
   \   00000B                ; Setup parameters for call to function SampleApp_SendFlashMessage
   \   00000B   7AE8         MOV     R2,#-0x18
   \   00000D   7B03         MOV     R3,#0x3
   \   00000F   12....       LCALL   ??SampleApp_SendFlashMessage?relay
    366            }
    367          
    368            if ( keys & HAL_KEY_SW_2 )
   \                     ??SampleApp_HandleKeys_0:
   \   000012   EE           MOV     A,R6
   \   000013   A2E1         MOV     C,0xE0 /* A   */.1
   \   000015   5024         JNC     ??SampleApp_HandleKeys_1
    369            {
    370              /* The Flashr Command is sent to Group 1.
    371               * This key toggles this device in and out of group 1.
    372               * If this device doesn't belong to group 1, this application
    373               * will not receive the Flash command sent to group 1.
    374               */
    375              aps_Group_t *grp;
    376              grp = aps_FindGroup( SAMPLEAPP_ENDPOINT, SAMPLEAPP_FLASH_GROUP );
    377              if ( grp )
   \   000017                ; Setup parameters for call to function aps_FindGroup
   \   000017   7A01         MOV     R2,#0x1
   \   000019   7B00         MOV     R3,#0x0
   \   00001B   7914         MOV     R1,#0x14
   \   00001D   12....       LCALL   ??aps_FindGroup?relay
   \   000020   8B..         MOV     ?V0 + 1,R3
   \   000022   EA           MOV     A,R2
   \   000023   45..         ORL     A,?V0 + 1
   \   000025   600B         JZ      ??SampleApp_HandleKeys_2
    378              {
    379                // Remove from the group
    380                aps_RemoveGroup( SAMPLEAPP_ENDPOINT, SAMPLEAPP_FLASH_GROUP );
   \   000027                ; Setup parameters for call to function aps_RemoveGroup
   \   000027   7A01         MOV     R2,#0x1
   \   000029   7B00         MOV     R3,#0x0
   \   00002B   7914         MOV     R1,#0x14
   \   00002D   12....       LCALL   ??aps_RemoveGroup?relay
   \   000030   8009         SJMP    ??SampleApp_HandleKeys_1
    381              }
    382              else
    383              {
    384                // Add to the flash group
    385                aps_AddGroup( SAMPLEAPP_ENDPOINT, &SampleApp_Group );
   \                     ??SampleApp_HandleKeys_2:
   \   000032                ; Setup parameters for call to function aps_AddGroup
   \   000032   7A..         MOV     R2,#SampleApp_Group & 0xff
   \   000034   7B..         MOV     R3,#(SampleApp_Group >> 8) & 0xff
   \   000036   7914         MOV     R1,#0x14
   \   000038   12....       LCALL   ??aps_AddGroup?relay
    386              }
    387            }
    388          }
   \                     ??SampleApp_HandleKeys_1:
   \   00003B   02....       LJMP    ??Subroutine5_0 & 0xFFFF

   \                                 In  segment BANKED_CODE, align 1, keep-with-next
   \                     ??Subroutine5_0:
   \   000000   7F02         MOV     R7,#0x2
   \   000002   02....       LJMP    ?BANKED_LEAVE_XDATA
    389          
    390          /*********************************************************************
    391           * LOCAL FUNCTIONS
    392           */
    393          
    394          /*********************************************************************
    395           * @fn      SampleApp_MessageMSGCB
    396           *
    397           * @brief   Data message processor callback.  This function processes
    398           *          any incoming data - probably from other devices.  So, based
    399           *          on cluster ID, perform the intended action.
    400           *
    401           * @param   none
    402           *
    403           * @return  none
    404           */
    405          

   \                                 In  segment BANKED_CODE, align 1, keep-with-next
    406          uint16 Read_Light_ADC(void)
   \                     Read_Light_ADC:
    407          {
   \   000000   C082         PUSH    DPL
   \   000002   C083         PUSH    DPH
   \   000004                ; Saved register size: 2
   \   000004                ; Auto size: 0
    408            // 第一个参数：通道号 AIN5
    409            // 第二个参数：是否使用差分模式（FALSE为单端）
    410            // 返回值是10位ADC值（0 ~ 1023）
    411            uint16 adc_value = HalAdcRead( HAL_ADC_CHANNEL_5, HAL_ADC_RESOLUTION_10 );
    412            return adc_value;
   \   000004                ; Setup parameters for call to function HalAdcRead
   \   000004   7A02         MOV     R2,#0x2
   \   000006   7905         MOV     R1,#0x5
   \   000008   12....       LCALL   ??HalAdcRead?relay
   \   00000B   D083         POP     DPH
   \   00000D   D082         POP     DPL
   \   00000F   02....       LJMP    ?BRET
    413          }
    414          
    415          
    416          // 接收函数

   \                                 In  segment BANKED_CODE, align 1, keep-with-next
    417          void SampleApp_MessageMSGCB( afIncomingMSGPacket_t *pkt )
   \                     SampleApp_MessageMSGCB:
    418          {
   \   000000   74F6         MOV     A,#-0xa
   \   000002   12....       LCALL   ?BANKED_ENTER_XDATA
   \   000005                ; Saved register size: 10
   \   000005                ; Auto size: 64
   \   000005   74C0         MOV     A,#-0x40
   \   000007   12....       LCALL   ?ALLOC_XSTACK8
    419            uint16 flashTime;
    420          
    421            switch ( pkt->clusterId )
   \   00000A   8A82         MOV     DPL,R2
   \   00000C   8B83         MOV     DPH,R3
   \   00000E   A3           INC     DPTR
   \   00000F   A3           INC     DPTR
   \   000010   A3           INC     DPTR
   \   000011   A3           INC     DPTR
   \   000012   E0           MOVX    A,@DPTR
   \   000013   F5..         MOV     ?V0 + 0,A
   \   000015   A3           INC     DPTR
   \   000016   E0           MOVX    A,@DPTR
   \   000017   F5..         MOV     ?V0 + 1,A
   \   000019   78..         MOV     R0,#?V0 + 0
   \   00001B   12....       LCALL   ?US_SWITCH_DENSE
   \                     `?<Jumptable for SampleApp_MessageMSGCB>_0`:
   \   00001E   0100         DW        1
   \   000020   01           DB        1
   \   000021   ....         DW        ??SampleApp_MessageMSGCB_0
   \   000023   ....         DW        ??SampleApp_MessageMSGCB_1
   \   000025   ....         DW        ??SampleApp_MessageMSGCB_2
    422            {
    423              case SAMPLEAPP_PERIODIC_CLUSTERID:
    424              {
    425                  char buf[64];  
    426                  uint8 light_val = pkt->cmd.Data[4];
    427              
    428                  sprintf(buf, "Temperature:%c%cHumidity:%c%cLight:%03d\n",
                         ^
Warning[Pe223]: function "sprintf" declared implicitly
    429                           pkt->cmd.Data[0], pkt->cmd.Data[1],
    430                           pkt->cmd.Data[2], pkt->cmd.Data[3],
    431                           light_val);
   \                     ??SampleApp_MessageMSGCB_1:
   \   000027   12....       LCALL   ?Subroutine1 & 0xFFFF
   \                     ??CrossCallReturnLabel_0:
   \   00002A   FA           MOV     R2,A
   \   00002B   A3           INC     DPTR
   \   00002C   E0           MOVX    A,@DPTR
   \   00002D   FB           MOV     R3,A
   \   00002E                ; Setup parameters for call to function sprintf
   \   00002E   8A82         MOV     DPL,R2
   \   000030   8B83         MOV     DPH,R3
   \   000032   A3           INC     DPTR
   \   000033   A3           INC     DPTR
   \   000034   A3           INC     DPTR
   \   000035   A3           INC     DPTR
   \   000036   E0           MOVX    A,@DPTR
   \   000037   F5..         MOV     ?V0 + 0,A
   \   000039   75..00       MOV     ?V0 + 1,#0x0
   \   00003C   78..         MOV     R0,#?V0 + 0
   \   00003E   12....       LCALL   ?PUSH_XSTACK_I_TWO
   \   000041   8A82         MOV     DPL,R2
   \   000043   8B83         MOV     DPH,R3
   \   000045   A3           INC     DPTR
   \   000046   12....       LCALL   ?Subroutine2 & 0xFFFF
   \                     ??CrossCallReturnLabel_4:
   \   000049   12....       LCALL   ?PUSH_XSTACK_I_TWO
   \   00004C   8A82         MOV     DPL,R2
   \   00004E   8B83         MOV     DPH,R3
   \   000050   12....       LCALL   ?Subroutine2 & 0xFFFF
   \                     ??CrossCallReturnLabel_5:
   \   000053   12....       LCALL   ?PUSH_XSTACK_I_TWO
   \   000056   8A82         MOV     DPL,R2
   \   000058   8B83         MOV     DPH,R3
   \   00005A   12....       LCALL   ??Subroutine3_0 & 0xFFFF
   \                     ??CrossCallReturnLabel_3:
   \   00005D   12....       LCALL   ?PUSH_XSTACK_I_TWO
   \   000060   8A82         MOV     DPL,R2
   \   000062   8B83         MOV     DPH,R3
   \   000064   12....       LCALL   ??Subroutine4_0 & 0xFFFF
   \                     ??CrossCallReturnLabel_2:
   \   000067   12....       LCALL   ?PUSH_XSTACK_I_TWO
   \   00006A   7C..         MOV     R4,#`?<Constant "Temperature:%c%cHumid...">` & 0xff
   \   00006C   7D..         MOV     R5,#(`?<Constant "Temperature:%c%cHumid...">` >> 8) & 0xff
   \   00006E   740A         MOV     A,#0xa
   \   000070   12....       LCALL   ?XSTACK_DISP0_8
   \   000073   AA82         MOV     R2,DPL
   \   000075   AB83         MOV     R3,DPH
   \   000077   12....       LCALL   ??sprintf?relay
   \   00007A   740A         MOV     A,#0xa
   \   00007C   12....       LCALL   ?DEALLOC_XSTACK8
    432              
    433                  HalUARTWrite(0, buf, strlen(buf));
                                              ^
Warning[Pe223]: function "strlen" declared implicitly

          HalUARTWrite(0, buf, strlen(buf));
                          ^
"C:\Texas Instruments\ZStack-CC2530-2.3.0-1.4.0\Projects\zstack\Samples\SampleApp\Source\SampleApp.c",433  Warning[Pe167]: 
          argument of type "char *" is incompatible with parameter of type
          "unsigned char *"
   \   00007F                ; Setup parameters for call to function HalUARTWrite
   \   00007F                ; Setup parameters for call to function strlen
   \   00007F   85..82       MOV     DPL,?XSP + 0
   \   000082   85..83       MOV     DPH,?XSP + 1
   \   000085   AA82         MOV     R2,DPL
   \   000087   AB83         MOV     R3,DPH
   \   000089   12....       LCALL   ??strlen?relay
   \   00008C   EA           MOV     A,R2
   \   00008D   FC           MOV     R4,A
   \   00008E   EB           MOV     A,R3
   \   00008F   FD           MOV     R5,A
   \   000090   85..82       MOV     DPL,?XSP + 0
   \   000093   85..83       MOV     DPH,?XSP + 1
   \   000096   AA82         MOV     R2,DPL
   \   000098   AB83         MOV     R3,DPH
   \   00009A   7900         MOV     R1,#0x0
   \   00009C   12....       LCALL   ??HalUARTWrite?relay
    434              }
    435                break;
   \   00009F   8037         SJMP    ??SampleApp_MessageMSGCB_0
    436          
    437              case SAMPLEAPP_FLASH_CLUSTERID:
    438                flashTime = BUILD_UINT16(pkt->cmd.Data[1], pkt->cmd.Data[2] );
    439                HalLedBlink( HAL_LED_4, 4, 50, (flashTime / 4) );
   \                     ??SampleApp_MessageMSGCB_2:
   \   0000A1   12....       LCALL   ?Subroutine1 & 0xFFFF
   \                     ??CrossCallReturnLabel_1:
   \   0000A4   F8           MOV     R0,A
   \   0000A5   A3           INC     DPTR
   \   0000A6   E0           MOVX    A,@DPTR
   \   0000A7   F9           MOV     R1,A
   \   0000A8   E8           MOV     A,R0
   \   0000A9   FA           MOV     R2,A
   \   0000AA   E9           MOV     A,R1
   \   0000AB   FB           MOV     R3,A
   \   0000AC                ; Setup parameters for call to function HalLedBlink
   \   0000AC   8A82         MOV     DPL,R2
   \   0000AE   8B83         MOV     DPH,R3
   \   0000B0   A3           INC     DPTR
   \   0000B1   E0           MOVX    A,@DPTR
   \   0000B2   FC           MOV     R4,A
   \   0000B3   8A82         MOV     DPL,R2
   \   0000B5   8B83         MOV     DPH,R3
   \   0000B7   A3           INC     DPTR
   \   0000B8   A3           INC     DPTR
   \   0000B9   E0           MOVX    A,@DPTR
   \   0000BA   F9           MOV     R1,A
   \   0000BB   EC           MOV     A,R4
   \   0000BC   2400         ADD     A,#0x0
   \   0000BE   F5..         MOV     ?V0 + 0,A
   \   0000C0   E4           CLR     A
   \   0000C1   39           ADDC    A,R1
   \   0000C2   F5..         MOV     ?V0 + 1,A
   \   0000C4   7402         MOV     A,#0x2
   \   0000C6   78..         MOV     R0,#?V0 + 0
   \   0000C8   12....       LCALL   ?US_SHR
   \   0000CB   AC..         MOV     R4,?V0 + 0
   \   0000CD   AD..         MOV     R5,?V0 + 1
   \   0000CF   7B32         MOV     R3,#0x32
   \   0000D1   7A04         MOV     R2,#0x4
   \   0000D3   7908         MOV     R1,#0x8
   \   0000D5   12....       LCALL   ??HalLedBlink?relay
    440                break;
    441            }
    442          }
   \                     ??SampleApp_MessageMSGCB_0:
   \   0000D8   7440         MOV     A,#0x40
   \   0000DA   02....       LJMP    ?Subroutine0 & 0xFFFF

   \                                 In  segment BANKED_CODE, align 1, keep-with-next
   \                     ?Subroutine2:
   \   000000   A3           INC     DPTR
   \   000001                REQUIRE ??Subroutine3_0
   \   000001                ; // Fall through to label ??Subroutine3_0

   \                                 In  segment BANKED_CODE, align 1, keep-with-next
   \                     ??Subroutine3_0:
   \   000000   A3           INC     DPTR
   \   000001                REQUIRE ??Subroutine4_0
   \   000001                ; // Fall through to label ??Subroutine4_0

   \                                 In  segment BANKED_CODE, align 1, keep-with-next
   \                     ??Subroutine4_0:
   \   000000   E0           MOVX    A,@DPTR
   \   000001   F5..         MOV     ?V0 + 0,A
   \   000003   78..         MOV     R0,#?V0 + 0
   \   000005   22           RET

   \                                 In  segment BANKED_CODE, align 1, keep-with-next
   \                     ?Subroutine1:
   \   000000   EA           MOV     A,R2
   \   000001   2421         ADD     A,#0x21
   \   000003   F582         MOV     DPL,A
   \   000005   EB           MOV     A,R3
   \   000006   3400         ADDC    A,#0x0
   \   000008   F583         MOV     DPH,A
   \   00000A   E0           MOVX    A,@DPTR
   \   00000B   22           RET

   \                                 In  segment BANKED_CODE, align 1, keep-with-next
   \                     ?Subroutine0:
   \   000000   12....       LCALL   ?DEALLOC_XSTACK8
   \   000003                REQUIRE ??Subroutine5_0
   \   000003                ; // Fall through to label ??Subroutine5_0
    443          
    444          /*********************************************************************
    445           * @fn      SampleApp_SendPeriodicMessage
    446           *
    447           * @brief   Send the periodic message.
    448           *
    449           * @param   none
    450           *
    451           * @return  none
    452           */
    453          // 发送函数

   \                                 In  segment BANKED_CODE, align 1, keep-with-next
    454          void SampleApp_SendPeriodicMessage( void )
   \                     SampleApp_SendPeriodicMessage:
    455          {
   \   000000   74F6         MOV     A,#-0xa
   \   000002   12....       LCALL   ?BANKED_ENTER_XDATA
   \   000005                ; Saved register size: 10
   \   000005                ; Auto size: 6
   \   000005   74FA         MOV     A,#-0x6
   \   000007   12....       LCALL   ?ALLOC_XSTACK8
    456            unsigned char T_H_L[6]; 
    457            DHT11();             //获取温湿度
   \   00000A                ; Setup parameters for call to function DHT11
   \   00000A   12....       LCALL   ??DHT11?relay
    458            //将温湿度的转换成字符串
    459            T_H_L[0]=wendu_shi+0x30;
   \   00000D   90....       MOV     DPTR,#wendu_shi
   \   000010   E0           MOVX    A,@DPTR
   \   000011   2430         ADD     A,#0x30
   \   000013   85..82       MOV     DPL,?XSP + 0
   \   000016   85..83       MOV     DPH,?XSP + 1
   \   000019   F0           MOVX    @DPTR,A
    460            T_H_L[1]=wendu_ge+0x30;
   \   00001A   90....       MOV     DPTR,#wendu_ge
   \   00001D   E0           MOVX    A,@DPTR
   \   00001E   2430         ADD     A,#0x30
   \   000020   C0E0         PUSH    A
   \   000022   7401         MOV     A,#0x1
   \   000024   12....       LCALL   ?XSTACK_DISP0_8
   \   000027   D0E0         POP     A
   \   000029   F0           MOVX    @DPTR,A
    461            T_H_L[2]=shidu_shi+0x30;
   \   00002A   90....       MOV     DPTR,#shidu_shi
   \   00002D   E0           MOVX    A,@DPTR
   \   00002E   2430         ADD     A,#0x30
   \   000030   C0E0         PUSH    A
   \   000032   7402         MOV     A,#0x2
   \   000034   12....       LCALL   ?XSTACK_DISP0_8
   \   000037   D0E0         POP     A
   \   000039   F0           MOVX    @DPTR,A
    462            T_H_L[3]=shidu_ge+0x30;
   \   00003A   90....       MOV     DPTR,#shidu_ge
   \   00003D   E0           MOVX    A,@DPTR
   \   00003E   2430         ADD     A,#0x30
   \   000040   C0E0         PUSH    A
   \   000042   7403         MOV     A,#0x3
   \   000044   12....       LCALL   ?XSTACK_DISP0_8
   \   000047   D0E0         POP     A
   \   000049   F0           MOVX    @DPTR,A
    463            
    464            // 读取ADC值
    465            uint16 adc_light = Read_Light_ADC();  // 0~1023
    466            
    467            // 简化为一个字节值（0~255），压缩传输
    468            T_H_L[4] = (uint8)(adc_light >> 2);  // 将10位ADC压缩为8位
   \   00004A                ; Setup parameters for call to function Read_Light_ADC
   \   00004A   12....       LCALL   ??Read_Light_ADC?relay
   \   00004D   8A..         MOV     ?V0 + 0,R2
   \   00004F   8B..         MOV     ?V0 + 1,R3
   \   000051   7402         MOV     A,#0x2
   \   000053   78..         MOV     R0,#?V0 + 0
   \   000055   12....       LCALL   ?US_SHR
   \   000058   7404         MOV     A,#0x4
   \   00005A   12....       LCALL   ?XSTACK_DISP0_8
   \   00005D   E5..         MOV     A,?V0 + 0
   \   00005F   F0           MOVX    @DPTR,A
    469            
    470            T_H_L[5] = '\n';
   \   000060   7405         MOV     A,#0x5
   \   000062   12....       LCALL   ?XSTACK_DISP0_8
   \   000065   740A         MOV     A,#0xa
   \   000067   F0           MOVX    @DPTR,A
    471            
    472            if ( AF_DataRequest( &SampleApp_Periodic_DstAddr, &SampleApp_epDesc,
    473                                 SAMPLEAPP_PERIODIC_CLUSTERID,
    474                                 sizeof(T_H_L),  // 要发送的数据长度
    475                                 T_H_L,  // 要发送的数据地址
    476                                 &SampleApp_TransID,
    477                                 AF_DISCV_ROUTE,
    478                                 AF_DEFAULT_RADIUS ) == afStatus_SUCCESS )
   \   000068                ; Setup parameters for call to function AF_DataRequest
   \   000068   75..1E       MOV     ?V0 + 0,#0x1e
   \   00006B   78..         MOV     R0,#?V0 + 0
   \   00006D   12....       LCALL   ?PUSH_XSTACK_I_ONE
   \   000070   75....       MOV     ?V0 + 0,#SampleApp_TransID & 0xff
   \   000073   75....       MOV     ?V0 + 1,#(SampleApp_TransID >> 8) & 0xff
   \   000076   78..         MOV     R0,#?V0 + 0
   \   000078   12....       LCALL   ?PUSH_XSTACK_I_TWO
   \   00007B   7403         MOV     A,#0x3
   \   00007D   12....       LCALL   ?XSTACK_DISP0_8
   \   000080   8582..       MOV     ?V0 + 0,DPL
   \   000083   8583..       MOV     ?V0 + 1,DPH
   \   000086   78..         MOV     R0,#?V0 + 0
   \   000088   12....       LCALL   ?PUSH_XSTACK_I_TWO
   \   00008B   75..06       MOV     ?V0 + 0,#0x6
   \   00008E   75..00       MOV     ?V0 + 1,#0x0
   \   000091   78..         MOV     R0,#?V0 + 0
   \   000093   12....       LCALL   ?PUSH_XSTACK_I_TWO
   \   000096   75..01       MOV     ?V0 + 0,#0x1
   \   000099   78..         MOV     R0,#?V0 + 0
   \   00009B   12....       LCALL   ?PUSH_XSTACK_I_TWO
   \   00009E   7920         MOV     R1,#0x20
   \   0000A0   7C..         MOV     R4,#SampleApp_epDesc & 0xff
   \   0000A2   7D..         MOV     R5,#(SampleApp_epDesc >> 8) & 0xff
   \   0000A4   7A..         MOV     R2,#SampleApp_Periodic_DstAddr & 0xff
   \   0000A6   7B..         MOV     R3,#(SampleApp_Periodic_DstAddr >> 8) & 0xff
   \   0000A8   12....       LCALL   ??AF_DataRequest?relay
   \   0000AB   7409         MOV     A,#0x9
   \   0000AD   12....       LCALL   ?DEALLOC_XSTACK8
    479            {
    480            }
    481            else
    482            {
    483              // Error occurred in request to send.
    484            }
    485          }
   \   0000B0   7406         MOV     A,#0x6
   \   0000B2   80..         SJMP    ?Subroutine0
    486          
    487          /*********************************************************************
    488           * @fn      SampleApp_SendFlashMessage
    489           *
    490           * @brief   Send the flash message to group 1.
    491           *
    492           * @param   flashTime - in milliseconds
    493           *
    494           * @return  none
    495           */

   \                                 In  segment BANKED_CODE, align 1, keep-with-next
    496          void SampleApp_SendFlashMessage( uint16 flashTime )
   \                     SampleApp_SendFlashMessage:
    497          {
   \   000000   74F6         MOV     A,#-0xa
   \   000002   12....       LCALL   ?BANKED_ENTER_XDATA
   \   000005                ; Saved register size: 10
   \   000005                ; Auto size: 3
   \   000005   74FD         MOV     A,#-0x3
   \   000007   12....       LCALL   ?ALLOC_XSTACK8
    498            uint8 buffer[3];
    499            buffer[0] = (uint8)(SampleAppFlashCounter++);
   \   00000A   90....       MOV     DPTR,#SampleAppFlashCounter
   \   00000D   E0           MOVX    A,@DPTR
   \   00000E   85..82       MOV     DPL,?XSP + 0
   \   000011   85..83       MOV     DPH,?XSP + 1
   \   000014   F0           MOVX    @DPTR,A
   \   000015   90....       MOV     DPTR,#SampleAppFlashCounter
   \   000018   E0           MOVX    A,@DPTR
   \   000019   04           INC     A
   \   00001A   F0           MOVX    @DPTR,A
    500            buffer[1] = LO_UINT16( flashTime );
   \   00001B   7401         MOV     A,#0x1
   \   00001D   12....       LCALL   ?XSTACK_DISP0_8
   \   000020   EA           MOV     A,R2
   \   000021   F0           MOVX    @DPTR,A
    501            buffer[2] = HI_UINT16( flashTime );
   \   000022   7402         MOV     A,#0x2
   \   000024   12....       LCALL   ?XSTACK_DISP0_8
   \   000027   EB           MOV     A,R3
   \   000028   F0           MOVX    @DPTR,A
    502          
    503            if ( AF_DataRequest( &SampleApp_Flash_DstAddr, &SampleApp_epDesc,
    504                                 SAMPLEAPP_FLASH_CLUSTERID,
    505                                 3,
    506                                 buffer,
    507                                 &SampleApp_TransID,
    508                                 AF_DISCV_ROUTE,
    509                                 AF_DEFAULT_RADIUS ) == afStatus_SUCCESS )
   \   000029                ; Setup parameters for call to function AF_DataRequest
   \   000029   75..1E       MOV     ?V0 + 0,#0x1e
   \   00002C   78..         MOV     R0,#?V0 + 0
   \   00002E   12....       LCALL   ?PUSH_XSTACK_I_ONE
   \   000031   75....       MOV     ?V0 + 0,#SampleApp_TransID & 0xff
   \   000034   75....       MOV     ?V0 + 1,#(SampleApp_TransID >> 8) & 0xff
   \   000037   78..         MOV     R0,#?V0 + 0
   \   000039   12....       LCALL   ?PUSH_XSTACK_I_TWO
   \   00003C   7403         MOV     A,#0x3
   \   00003E   12....       LCALL   ?XSTACK_DISP0_8
   \   000041   8582..       MOV     ?V0 + 0,DPL
   \   000044   8583..       MOV     ?V0 + 1,DPH
   \   000047   78..         MOV     R0,#?V0 + 0
   \   000049   12....       LCALL   ?PUSH_XSTACK_I_TWO
   \   00004C   75..03       MOV     ?V0 + 0,#0x3
   \   00004F   75..00       MOV     ?V0 + 1,#0x0
   \   000052   78..         MOV     R0,#?V0 + 0
   \   000054   12....       LCALL   ?PUSH_XSTACK_I_TWO
   \   000057   75..02       MOV     ?V0 + 0,#0x2
   \   00005A   78..         MOV     R0,#?V0 + 0
   \   00005C   12....       LCALL   ?PUSH_XSTACK_I_TWO
   \   00005F   7920         MOV     R1,#0x20
   \   000061   7C..         MOV     R4,#SampleApp_epDesc & 0xff
   \   000063   7D..         MOV     R5,#(SampleApp_epDesc >> 8) & 0xff
   \   000065   7A..         MOV     R2,#SampleApp_Flash_DstAddr & 0xff
   \   000067   7B..         MOV     R3,#(SampleApp_Flash_DstAddr >> 8) & 0xff
   \   000069   12....       LCALL   ??AF_DataRequest?relay
   \   00006C   7409         MOV     A,#0x9
   \   00006E   12....       LCALL   ?DEALLOC_XSTACK8
    510            {
    511            }
    512            else
    513            {
    514              // Error occurred in request to send.
    515            }
    516          }
   \   000071   7403         MOV     A,#0x3
   \   000073                REQUIRE ?Subroutine0
   \   000073                ; // Fall through to label ?Subroutine0

   \                                 In  segment BANK_RELAYS, align 1
   \                     ??SampleApp_Init?relay:
   \   000000   12....       LCALL   ?BDISPATCH
   \   000003   ......       DC24    SampleApp_Init

   \                                 In  segment BANK_RELAYS, align 1
   \                     ??SampleApp_ProcessEvent?relay:
   \   000000   12....       LCALL   ?BDISPATCH
   \   000003   ......       DC24    SampleApp_ProcessEvent

   \                                 In  segment BANK_RELAYS, align 1
   \                     ??SampleApp_HandleKeys?relay:
   \   000000   12....       LCALL   ?BDISPATCH
   \   000003   ......       DC24    SampleApp_HandleKeys

   \                                 In  segment BANK_RELAYS, align 1
   \                     ??Read_Light_ADC?relay:
   \   000000   12....       LCALL   ?BDISPATCH
   \   000003   ......       DC24    Read_Light_ADC

   \                                 In  segment BANK_RELAYS, align 1
   \                     ??SampleApp_MessageMSGCB?relay:
   \   000000   12....       LCALL   ?BDISPATCH
   \   000003   ......       DC24    SampleApp_MessageMSGCB

   \                                 In  segment BANK_RELAYS, align 1
   \                     ??SampleApp_SendPeriodicMessage?relay:
   \   000000   12....       LCALL   ?BDISPATCH
   \   000003   ......       DC24    SampleApp_SendPeriodicMessage

   \                                 In  segment BANK_RELAYS, align 1
   \                     ??SampleApp_SendFlashMessage?relay:
   \   000000   12....       LCALL   ?BDISPATCH
   \   000003   ......       DC24    SampleApp_SendFlashMessage

   \                                 In  segment XDATA_ROM_C, align 1
   \                     `?<Constant "Group 1">`:
   \   000000   47726F75     DB "Group 1"
   \            70203100

   \                                 In  segment XDATA_ROM_C, align 1
   \                     `?<Constant "SampleApp">`:
   \   000000   53616D70     DB "SampleApp"
   \            6C654170
   \            7000    

   \                                 In  segment XDATA_ROM_C, align 1
   \                     `?<Constant "Temperature:%c%cHumid...">`:
   \   000000   54656D70     DB "Temperature:%c%cHumidity:%c%cLight:%03d\012"
   \            65726174
   \            7572653A
   \            25632563
   \            48756D69
   \            64697479
   \            3A256325
   \            634C6967
   \            68743A25
   \            3033640A
   \            00      
    517          
    518          /*********************************************************************
    519          *********************************************************************/

   Maximum stack usage in bytes:

     Function                       ISTACK PSTACK XSTACK
     --------                       ------ ------ ------
     Read_Light_ADC                     2      0     16
       -> HalAdcRead                    4      0      0
     SampleApp_HandleKeys               0      0     22
       -> SampleApp_SendFlashMessage
                                        0      0     20
       -> aps_FindGroup                 0      0     20
       -> aps_RemoveGroup               0      0     20
       -> aps_AddGroup                  0      0     20
     SampleApp_Init                     0      0     14
       -> HalAdcSetReference            0      0     22
       -> MT_UartInit                   0      0     22
       -> MT_UartRegisterTaskID         0      0     22
       -> afRegister                    0      0     22
       -> RegisterForKeys               0      0     22
       -> osal_memcpy                   0      0     28
       -> aps_AddGroup                  0      0     22
       -> HalLcdWriteString             0      0     22
     SampleApp_MessageMSGCB             0      0     96
       -> sprintf                       0      0    168
       -> strlen                        0      0    148
       -> HalUARTWrite                  0      0    148
       -> HalLedBlink                   0      0    148
     SampleApp_ProcessEvent             0      0     12
       -> osal_msg_receive              0      0     24
       -> osal_start_timerEx            0      0     24
       -> osal_msg_deallocate           0      0     24
       -> osal_msg_receive              0      0     24
       -> SampleApp_HandleKeys          0      0     24
       -> SampleApp_MessageMSGCB        0      0     24
       -> SampleApp_SendPeriodicMessage
                                        0      0     24
       -> osal_rand                     0      0     24
       -> osal_start_timerEx            0      0     24
     SampleApp_SendFlashMessage         1      0     32
       -> AF_DataRequest                0      0     44
     SampleApp_SendPeriodicMessage      1      0     37
       -> DHT11                         0      0     32
       -> Read_Light_ADC                0      0     32
       -> AF_DataRequest                0      0     50


   Segment part sizes:

     Function/Label                         Bytes
     --------------                         -----
     P0SEL                                     1
     P0DIR                                     1
     SampleApp_ClusterList                     4
     SampleApp_SimpleDesc                     12
     SampleApp_epDesc                          6
     SampleApp_TaskID                          1
     SampleApp_NwkState                        1
     SampleApp_TransID                         1
     SampleApp_Periodic_DstAddr               12
     SampleApp_Flash_DstAddr                  12
     SampleApp_Group                          18
     SampleAppPeriodicCounter                  1
     SampleAppFlashCounter                     1
     SampleApp_Init                          185
     SampleApp_ProcessEvent                  181
     SampleApp_HandleKeys                     62
     ??Subroutine5_0                           5
     Read_Light_ADC                           18
     SampleApp_MessageMSGCB                  221
     ?Subroutine2                              1
     ??Subroutine3_0                           1
     ??Subroutine4_0                           6
     ?Subroutine1                             12
     ?Subroutine0                              3
     SampleApp_SendPeriodicMessage           180
     SampleApp_SendFlashMessage              115
     ??SampleApp_Init?relay                    6
     ??SampleApp_ProcessEvent?relay            6
     ??SampleApp_HandleKeys?relay              6
     ??Read_Light_ADC?relay                    6
     ??SampleApp_MessageMSGCB?relay            6
     ??SampleApp_SendPeriodicMessage?relay     6
     ??SampleApp_SendFlashMessage?relay        6
     ?<Constant "Group 1">                     8
     ?<Constant "SampleApp">                  10
     ?<Constant "Temperature:%c%cHumid...">   41

 
 990 bytes in segment BANKED_CODE
  42 bytes in segment BANK_RELAYS
   2 bytes in segment SFR_AN
  75 bytes in segment XDATA_ROM_C
  53 bytes in segment XDATA_Z
 
 1 032 bytes of CODE  memory
    75 bytes of CONST memory
     0 bytes of DATA  memory (+ 2 bytes shared)
    53 bytes of XDATA memory

Errors: none
Warnings: 3
